<?xml version="1.0" encoding="UTF-8"?>
<!-- Generated by org.testng.reporters.JUnitXMLReporter -->
<testsuite ignored="1" hostname="LAPTOP-IAG9IU3M" failures="0" tests="1" name="Surefire test" time="30.29" errors="0" timestamp="2025-12-29T18:05:38 IST">
  <testcase classname="contact.Contact_Test" name="contactwithMadatoryFields_test" time="15.408"/>
  <testcase classname="contact.Contact_Test" name="orgtwithMadatoryAndInd_test" time="0.0">
    <ignored/>
  </testcase> <!-- orgtwithMadatoryAndInd_test -->
</testsuite> <!-- Surefire test -->
