<?xml version="1.0" encoding="UTF-8"?>
<!-- Generated by org.testng.reporters.JUnitXMLReporter -->
<testsuite ignored="14" hostname="LAPTOP-IAG9IU3M" failures="2" tests="8" name="Test2" time="207.048" errors="0" timestamp="2025-12-24T01:34:32 IST">
  <testcase classname="products.CreateProductsTest" name="createProductsTest" time="9.448"/>
  <testcase classname="contact.ContactwithMadatoryAndInd_test" name="contactwithMadatoryAndInd_test" time="9.956"/>
  <testcase classname="document.CreateNewDoc_Test" name="createNewDoc_Test" time="9.524"/>
  <testcase classname="organization.CeateOrgWithIndustryDropdown_test" name="ceateOrgWithIndustryDropdown_test" time="12.099"/>
  <testcase classname="settings.ChangingPassword2_test" name="changingPassword2_test" time="5.877"/>
  <testcase classname="settings.AddingNewCurrency_test" name="addingNewCurrency_test" time="26.106">
    <failure type="org.openqa.selenium.NoSuchElementException" message="Cannot locate option with text: Australia, Dollars($)
For documentation on this error, please visit: https://www.selenium.dev/documentation/webdriver/troubleshooting/errors#no-such-element-exception
Build info: version: &amp;apos;4.34.0&amp;apos;, revision: &amp;apos;707dcb4246*&amp;apos;
System info: os.name: &amp;apos;Windows 11&amp;apos;, os.arch: &amp;apos;amd64&amp;apos;, os.version: &amp;apos;10.0&amp;apos;, java.version: &amp;apos;21.0.9&amp;apos;
Driver info: driver.version: unknown">
      <![CDATA[org.openqa.selenium.NoSuchElementException: Cannot locate option with text: Australia, Dollars($)
For documentation on this error, please visit: https://www.selenium.dev/documentation/webdriver/troubleshooting/errors#no-such-element-exception
Build info: version: '4.34.0', revision: '707dcb4246*'
System info: os.name: 'Windows 11', os.arch: 'amd64', os.version: '10.0', java.version: '21.0.9'
Driver info: driver.version: unknown
at org.openqa.selenium.support.ui.Select.selectByVisibleText(Select.java:167)
at genric_utilities.WebdriverUtilities.selectByVisibleText(WebdriverUtilities.java:133)
at vtiger_POM.NewCurrency_page.addNewCurrency(NewCurrency_page.java:50)
at settings.AddingNewCurrency_test.addingNewCurrency_test(AddingNewCurrency_test.java:52)
at java.base/java.util.ArrayList.forEach(ArrayList.java:1596)
... Removed 25 stack frames]]>
    </failure>
  </testcase> <!-- addingNewCurrency_test -->
  <testcase classname="contact.ContactwithMadatoryFields_test" name="contactwithMadatoryFields_test" time="6.959">
    <failure type="java.lang.AssertionError" message="null">
      <![CDATA[java.lang.AssertionError: null
at contact.ContactwithMadatoryFields_test.contactwithMadatoryFields_test(ContactwithMadatoryFields_test.java:97)
at java.base/java.util.ArrayList.forEach(ArrayList.java:1596)
... Removed 27 stack frames]]>
    </failure>
  </testcase> <!-- contactwithMadatoryFields_test -->
  <testcase classname="organization.CreateOrgWithMandatoryFields_test" name="createOrgWithMandatoryFields_test" time="7.661"/>
  <testcase classname="genric_utilities.BaseClass" name="@AfterSuite disConnectDB" time="0.0">
    <ignored/>
  </testcase> <!-- @AfterSuite disConnectDB -->
  <testcase classname="genric_utilities.BaseClass" name="@BeforeSuite connectToDB" time="0.0">
    <ignored/>
  </testcase> <!-- @BeforeSuite connectToDB -->
  <testcase classname="genric_utilities.BaseClass" name="@BeforeSuite connectToDB" time="0.0">
    <ignored/>
  </testcase> <!-- @BeforeSuite connectToDB -->
  <testcase classname="genric_utilities.BaseClass" name="@AfterSuite disConnectDB" time="0.0">
    <ignored/>
  </testcase> <!-- @AfterSuite disConnectDB -->
  <testcase classname="genric_utilities.BaseClass" name="@BeforeSuite connectToDB" time="0.0">
    <ignored/>
  </testcase> <!-- @BeforeSuite connectToDB -->
  <testcase classname="genric_utilities.BaseClass" name="@AfterSuite disConnectDB" time="0.0">
    <ignored/>
  </testcase> <!-- @AfterSuite disConnectDB -->
  <testcase classname="genric_utilities.BaseClass" name="@AfterSuite disConnectDB" time="0.0">
    <ignored/>
  </testcase> <!-- @AfterSuite disConnectDB -->
  <testcase classname="genric_utilities.BaseClass" name="@BeforeSuite connectToDB" time="0.0">
    <ignored/>
  </testcase> <!-- @BeforeSuite connectToDB -->
  <testcase classname="genric_utilities.BaseClass" name="@BeforeSuite connectToDB" time="0.0">
    <ignored/>
  </testcase> <!-- @BeforeSuite connectToDB -->
  <testcase classname="genric_utilities.BaseClass" name="@AfterSuite disConnectDB" time="0.0">
    <ignored/>
  </testcase> <!-- @AfterSuite disConnectDB -->
  <testcase classname="genric_utilities.BaseClass" name="@BeforeSuite connectToDB" time="0.0">
    <ignored/>
  </testcase> <!-- @BeforeSuite connectToDB -->
  <testcase classname="genric_utilities.BaseClass" name="@AfterSuite disConnectDB" time="0.0">
    <ignored/>
  </testcase> <!-- @AfterSuite disConnectDB -->
  <testcase classname="genric_utilities.BaseClass" name="@AfterSuite disConnectDB" time="0.0">
    <ignored/>
  </testcase> <!-- @AfterSuite disConnectDB -->
  <testcase classname="genric_utilities.BaseClass" name="@BeforeSuite connectToDB" time="0.0">
    <ignored/>
  </testcase> <!-- @BeforeSuite connectToDB -->
</testsuite> <!-- Test2 -->
