<?xml version="1.0" encoding="UTF-8"?>
<!-- Generated by org.testng.reporters.JUnitXMLReporter -->
<testsuite ignored="1" hostname="LAPTOP-IAG9IU3M" failures="1" tests="1" name="Test" time="40.254" errors="0" timestamp="2026-09-09T00:48:08 IST">
  <testcase classname="contact.Contact_Test" name="contactwithMadatoryFields_test" time="1.631">
    <failure type="java.lang.NullPointerException" message="Cannot invoke &amp;quot;org.apache.poi.ss.usermodel.Sheet.getRow(int)&amp;quot; because &amp;quot;sheet&amp;quot; is null">
      <![CDATA[java.lang.NullPointerException: Cannot invoke "org.apache.poi.ss.usermodel.Sheet.getRow(int)" because "sheet" is null
at genric_utilities.ExcelUtilities.readDataFromExcel(ExcelUtilities.java:30)
at contact.Contact_Test.contactwithMadatoryFields_test(Contact_Test.java:136)
at java.base/java.util.ArrayList.forEach(ArrayList.java:1596)
at java.base/java.util.concurrent.FutureTask.run(FutureTask.java:317)
at java.base/java.util.concurrent.ThreadPoolExecutor.runWorker(ThreadPoolExecutor.java:1144)
at java.base/java.util.concurrent.ThreadPoolExecutor$Worker.run(ThreadPoolExecutor.java:642)
at java.base/java.lang.Thread.run(Thread.java:1583)
... Removed 15 stack frames]]>
    </failure>
  </testcase> <!-- contactwithMadatoryFields_test -->
  <testcase classname="contact.Contact_Test" name="orgtwithMadatoryAndInd_test" time="0.0">
    <ignored/>
  </testcase> <!-- orgtwithMadatoryAndInd_test -->
</testsuite> <!-- Test -->
