<?xml version="1.0" encoding="UTF-8"?>
<!-- Generated by org.testng.reporters.JUnitXMLReporter -->
<testsuite ignored="4" hostname="LAPTOP-IAG9IU3M" failures="0" tests="2" name="Test" time="27.279" errors="0" timestamp="2025-12-29T17:04:45 IST">
  <testcase classname="testNG_Practice.Disp_test" name="disp1" time="0.019"/>
  <testcase classname="testNG_Practice.Demo_test" name="demo1" time="0.003"/>
  <testcase classname="genric_utilities.BaseClass" name="@BeforeSuite connectToDB" time="0.0">
    <ignored/>
  </testcase> <!-- @BeforeSuite connectToDB -->
  <testcase classname="testNG_Practice.Disp_test" name="disp2" time="0.0">
    <ignored/>
  </testcase> <!-- disp2 -->
  <testcase classname="testNG_Practice.Demo_test" name="demo2" time="0.0">
    <ignored/>
  </testcase> <!-- demo2 -->
  <testcase classname="genric_utilities.BaseClass" name="@AfterSuite disConnectDB" time="0.0">
    <ignored/>
  </testcase> <!-- @AfterSuite disConnectDB -->
</testsuite> <!-- Test -->
