<?xml version="1.0" encoding="UTF-8"?>
<testng-results ignored="0" total="1" passed="1" failed="0" skipped="0">
  <reporter-output>
  </reporter-output>
  <suite started-at="2025-12-29T18:05:07 IST" name="Surefire suite" finished-at="2025-12-29T18:05:38 IST" duration-ms="30290">
    <groups>
    </groups>
    <test started-at="2025-12-29T18:05:07 IST" name="Surefire test" finished-at="2025-12-29T18:05:38 IST" duration-ms="30290">
      <class name="contact.Contact_Test">
        <test-method is-config="true" signature="connectToDB()[pri:0, instance:contact.Contact_Test@10e41621]" started-at="2025-12-29T18:05:07 IST" name="connectToDB" finished-at="2025-12-29T18:05:07 IST" duration-ms="387" status="PASS">
          <reporter-output>
          </reporter-output>
        </test-method> <!-- connectToDB -->
        <test-method is-config="true" signature="launchBrowser(java.lang.String)[pri:0, instance:contact.Contact_Test@10e41621]" started-at="2025-12-29T18:05:08 IST" name="launchBrowser" finished-at="2025-12-29T18:05:12 IST" duration-ms="4112" status="PASS">
          <params>
            <param index="0">
              <value>
                <![CDATA[chrome]]>
              </value>
            </param>
          </params>
          <reporter-output>
          </reporter-output>
        </test-method> <!-- launchBrowser -->
        <test-method is-config="true" signature="loginToApp()[pri:0, instance:contact.Contact_Test@10e41621]" started-at="2025-12-29T18:05:12 IST" name="loginToApp" finished-at="2025-12-29T18:05:16 IST" duration-ms="3743" status="PASS">
          <reporter-output>
          </reporter-output>
        </test-method> <!-- loginToApp -->
        <test-method signature="contactwithMadatoryFields_test()[pri:-1, instance:contact.Contact_Test@10e41621]" started-at="2025-12-29T18:05:16 IST" name="contactwithMadatoryFields_test" finished-at="2025-12-29T18:05:31 IST" duration-ms="15408" status="PASS">
          <reporter-output>
          </reporter-output>
        </test-method> <!-- contactwithMadatoryFields_test -->
        <test-method is-config="true" signature="logoutFromApp()[pri:0, instance:contact.Contact_Test@10e41621]" started-at="2025-12-29T18:05:31 IST" name="logoutFromApp" finished-at="2025-12-29T18:05:37 IST" duration-ms="6151" status="PASS">
          <reporter-output>
          </reporter-output>
        </test-method> <!-- logoutFromApp -->
        <test-method is-config="true" signature="closeBrowser()[pri:0, instance:contact.Contact_Test@10e41621]" started-at="2025-12-29T18:05:37 IST" name="closeBrowser" finished-at="2025-12-29T18:05:38 IST" duration-ms="407" status="PASS">
          <reporter-output>
          </reporter-output>
        </test-method> <!-- closeBrowser -->
        <test-method is-config="true" signature="disConnectDB()[pri:0, instance:contact.Contact_Test@10e41621]" started-at="2025-12-29T18:05:38 IST" name="disConnectDB" finished-at="2025-12-29T18:05:38 IST" duration-ms="12" status="PASS">
          <reporter-output>
          </reporter-output>
        </test-method> <!-- disConnectDB -->
      </class> <!-- contact.Contact_Test -->
    </test> <!-- Surefire test -->
  </suite> <!-- Surefire suite -->
</testng-results>
