<?xml version="1.0" encoding="UTF-8"?>
<!-- Generated by org.testng.reporters.JUnitReportReporter -->
<testsuite hostname="LAPTOP-IAG9IU3M" failures="0" tests="2" name="products.CreateProductsTest" time="35.543" errors="0" timestamp="2025-12-24T01:34:32 IST" skipped="0">
  <testcase classname="products.CreateProductsTest" name="createProductsTest" time="16.706"/>
  <testcase classname="products.CreateProductsTest" name="createProductsTest" time="18.837"/>
</testsuite> <!-- products.CreateProductsTest -->
