<?xml version="1.0" encoding="UTF-8"?>
<!-- Generated by org.testng.reporters.JUnitReportReporter -->
<testsuite hostname="LAPTOP-IAG9IU3M" failures="0" tests="3" name="practice.DataProvider2_Test" time="0.022" errors="0" timestamp="2025-12-16T12:31:00 IST" skipped="0">
  <testcase classname="practice.DataProvider2_Test" name="getSubject" time="0.003"/>
  <testcase classname="practice.DataProvider2_Test" name="getSubject" time="0.017"/>
  <testcase classname="practice.DataProvider2_Test" name="getSubject" time="0.002"/>
</testsuite> <!-- practice.DataProvider2_Test -->
