<?xml version="1.0" encoding="UTF-8"?>
<!-- Generated by org.testng.reporters.JUnitReportReporter -->
<testsuite hostname="LAPTOP-IAG9IU3M" failures="0" tests="1" name="opportunities.Creating_Opportunities_by_entering_mandatory_fields" time="16.574" errors="0" timestamp="2025-12-16T16:50:55 IST" skipped="0">
  <testcase classname="opportunities.Creating_Opportunities_by_entering_mandatory_fields" name="creating_Opportunities_by_entering_mandatory_fields" time="16.574"/>
</testsuite> <!-- opportunities.Creating_Opportunities_by_entering_mandatory_fields -->
