<?xml version="1.0" encoding="UTF-8"?>
<!-- Generated by org.testng.reporters.JUnitReportReporter -->
<testsuite hostname="LAPTOP-IAG9IU3M" failures="0" tests="2" name="organization.CeateOrgWithIndustryDropdown_test" time="40.211" errors="0" timestamp="2025-12-24T01:34:32 IST" skipped="0">
  <testcase classname="organization.CeateOrgWithIndustryDropdown_test" name="ceateOrgWithIndustryDropdown_test" time="19.436"/>
  <testcase classname="organization.CeateOrgWithIndustryDropdown_test" name="ceateOrgWithIndustryDropdown_test" time="20.775"/>
</testsuite> <!-- organization.CeateOrgWithIndustryDropdown_test -->
