<?xml version="1.0" encoding="UTF-8"?>
<!-- Generated by org.testng.reporters.JUnitReportReporter -->
<testsuite hostname="LAPTOP-IAG9IU3M" failures="0" tests="2" name="products.CreateProduct2_test" time="45.449" errors="0" timestamp="2025-12-20T16:03:52 IST" skipped="0">
  <testcase classname="products.CreateProduct2_test" name="createProduct2_test" time="24.672">
    <system-out>
      <![CDATA[createProduct2_test--pass]]>
    </system-out>
  </testcase> <!-- createProduct2_test -->
  <testcase classname="products.CreateProduct2_test" name="createProduct2_test" time="20.777">
    <system-out>
      <![CDATA[createProduct2_test--pass]]>
    </system-out>
  </testcase> <!-- createProduct2_test -->
  <system-out>
    <![CDATA[createProduct2_test--pass
createProduct2_test--pass]]>
  </system-out>
</testsuite> <!-- products.CreateProduct2_test -->
