<?xml version="1.0" encoding="UTF-8"?>
<!-- Generated by org.testng.reporters.JUnitReportReporter -->
<testsuite hostname="LAPTOP-IAG9IU3M" failures="0" tests="4" name="practice.DataProviderTest" time="9.524" errors="0" timestamp="2025-12-16T10:45:26 IST" skipped="0">
  <testcase classname="practice.DataProviderTest" name="getData" time="6.436"/>
  <testcase classname="practice.DataProviderTest" name="softwareTesting" time="0.003"/>
  <testcase classname="practice.DataProviderTest" name="softwareTesting" time="0.003"/>
  <testcase classname="practice.DataProviderTest" name="getData" time="3.082"/>
</testsuite> <!-- practice.DataProviderTest -->
