<?xml version="1.0" encoding="UTF-8"?>
<!-- Generated by org.testng.reporters.JUnitReportReporter -->
<testsuite hostname="LAPTOP-IAG9IU3M" failures="0" tests="3" name="practice.DataProviderExcelUtils_Test" time="0.020" errors="0" timestamp="2025-12-16T12:34:24 IST" skipped="0">
  <testcase classname="practice.DataProviderExcelUtils_Test" name="execute" time="0.005"/>
  <testcase classname="practice.DataProviderExcelUtils_Test" name="execute" time="0.003"/>
  <testcase classname="practice.DataProviderExcelUtils_Test" name="execute" time="0.012"/>
</testsuite> <!-- practice.DataProviderExcelUtils_Test -->
