<?xml version="1.0" encoding="UTF-8"?>
<!-- Generated by org.testng.reporters.JUnitReportReporter -->
<testsuite hostname="LAPTOP-IAG9IU3M" failures="0" tests="6" name="practice.DataProvider2_Test" time="0.010" errors="0" timestamp="2025-12-29T17:14:45 IST" skipped="0">
  <testcase classname="practice.DataProvider2_Test" name="getSubject" time="0.002"/>
  <testcase classname="practice.DataProvider2_Test" name="testing" time="0.001"/>
  <testcase classname="practice.DataProvider2_Test" name="getSubject" time="0.001"/>
  <testcase classname="practice.DataProvider2_Test" name="testing" time="0.001"/>
  <testcase classname="practice.DataProvider2_Test" name="getSubject" time="0.001"/>
  <testcase classname="practice.DataProvider2_Test" name="getSubject" time="0.004"/>
</testsuite> <!-- practice.DataProvider2_Test -->
