<?xml version="1.0" encoding="UTF-8"?>
<!-- Generated by org.testng.reporters.JUnitReportReporter -->
<testsuite hostname="LAPTOP-IAG9IU3M" failures="0" tests="4" name="practice.DataProviderExcelUtils_Test" time="0.005" errors="0" timestamp="2025-12-29T17:14:45 IST" skipped="0">
  <testcase classname="practice.DataProviderExcelUtils_Test" name="execute" time="0.002"/>
  <testcase classname="practice.DataProviderExcelUtils_Test" name="execute" time="0.001"/>
  <testcase classname="practice.DataProviderExcelUtils_Test" name="execute" time="0.001"/>
  <testcase classname="practice.DataProviderExcelUtils_Test" name="execute" time="0.001"/>
</testsuite> <!-- practice.DataProviderExcelUtils_Test -->
