<?xml version="1.0" encoding="UTF-8"?>
<!-- Generated by org.testng.reporters.JUnitReportReporter -->
<testsuite hostname="LAPTOP-IAG9IU3M" failures="0" tests="4" name="practice.DataProviderTest" time="11.864" errors="0" timestamp="2025-12-29T17:14:45 IST" skipped="0">
  <testcase classname="practice.DataProviderTest" name="softwareTesting" time="0.002"/>
  <testcase classname="practice.DataProviderTest" name="getData" time="4.421"/>
  <testcase classname="practice.DataProviderTest" name="softwareTesting" time="0.000"/>
  <testcase classname="practice.DataProviderTest" name="getData" time="7.441"/>
</testsuite> <!-- practice.DataProviderTest -->
